<?xml version="1.0" encoding="UTF-8"?>
<robot generator="Robot 4.1.3 (Python 3.9.5 on win32)" generated="20221206 17:14:07.965" rpa="false" schemaversion="2">
<suite id="s1" name="Principal" source="C:\Users\User\Documents\Pessoais\Estudos\RobotFrameworkProject\principal.robot">
<kw name="Open Browser" library="SeleniumLibrary" type="SETUP">
<arg>https://www.saucedemo.com/</arg>
<arg>Chrome</arg>
<doc>Opens a new browser instance to the optional ``url``.</doc>
<msg timestamp="20221206 17:14:08.335" level="INFO">Opening browser 'Chrome' to base url 'https://www.saucedemo.com/'.</msg>
<status status="PASS" starttime="20221206 17:14:08.335" endtime="20221206 17:14:11.680"/>
</kw>
<test id="s1-t1" name="TC01_Invalid Login_Empty username">
<kw name="Input Password" library="SeleniumLibrary">
<arg>//*[@id="password"]</arg>
<arg>${validPassword}</arg>
<doc>Types the given password into the text field identified by ``locator``.</doc>
<msg timestamp="20221206 17:14:11.685" level="INFO">Typing password into text field '//*[@id="password"]'.</msg>
<msg timestamp="20221206 17:14:11.747" level="INFO">Temporally setting log level to: NONE</msg>
<msg timestamp="20221206 17:14:11.835" level="INFO">Log level changed from NONE to INFO.</msg>
<status status="PASS" starttime="20221206 17:14:11.683" endtime="20221206 17:14:11.835"/>
</kw>
<kw name="Verify that error message is not available" library="commonResource">
<arg>Username is required</arg>
<kw name="Page Should Not Contain" library="SeleniumLibrary">
<arg>${message}</arg>
<doc>Verifies the current page does not contain ``text``.</doc>
<msg timestamp="20221206 17:14:11.871" level="INFO">Current page does not contain text 'Username is required'.</msg>
<status status="PASS" starttime="20221206 17:14:11.836" endtime="20221206 17:14:11.871"/>
</kw>
<status status="PASS" starttime="20221206 17:14:11.836" endtime="20221206 17:14:11.871"/>
</kw>
<kw name="Press Login Button" library="commonResource">
<kw name="Click Element" library="SeleniumLibrary">
<arg>//*[@id="login-button"]</arg>
<doc>Click the element identified by ``locator``.</doc>
<msg timestamp="20221206 17:14:11.873" level="INFO">Clicking element '//*[@id="login-button"]'.</msg>
<status status="PASS" starttime="20221206 17:14:11.872" endtime="20221206 17:14:11.965"/>
</kw>
<status status="PASS" starttime="20221206 17:14:11.872" endtime="20221206 17:14:11.966"/>
</kw>
<kw name="Verify that error message is available" library="commonResource">
<arg>Username is required</arg>
<kw name="Element Should Be Visible" library="SeleniumLibrary">
<arg>//*[@id="login_button_container"]/div/form/div[3]</arg>
<doc>Verifies that the element identified by ``locator`` is visible.</doc>
<msg timestamp="20221206 17:14:12.008" level="INFO">Element '//*[@id="login_button_container"]/div/form/div[3]' is displayed.</msg>
<status status="PASS" starttime="20221206 17:14:11.967" endtime="20221206 17:14:12.008"/>
</kw>
<kw name="Element Should Contain" library="SeleniumLibrary">
<arg>//*[@id="login_button_container"]/div/form/div[3]</arg>
<arg>${messsage}</arg>
<doc>Verifies that element ``locator`` contains text ``expected``.</doc>
<msg timestamp="20221206 17:14:12.039" level="INFO">Element '//*[@id="login_button_container"]/div/form/div[3]' contains text 'Username is required'.</msg>
<status status="PASS" starttime="20221206 17:14:12.009" endtime="20221206 17:14:12.039"/>
</kw>
<status status="PASS" starttime="20221206 17:14:11.966" endtime="20221206 17:14:12.040"/>
</kw>
<kw name="Sleep" library="BuiltIn">
<arg>3</arg>
<doc>Pauses the test executed for the given time.</doc>
<msg timestamp="20221206 17:14:15.052" level="INFO">Slept 3 seconds</msg>
<status status="PASS" starttime="20221206 17:14:12.040" endtime="20221206 17:14:15.052"/>
</kw>
<status status="PASS" starttime="20221206 17:14:11.680" endtime="20221206 17:14:15.053"/>
</test>
<kw name="Close Browser" library="SeleniumLibrary" type="TEARDOWN">
<doc>Closes the current browser.</doc>
<status status="PASS" starttime="20221206 17:14:15.056" endtime="20221206 17:14:17.343"/>
</kw>
<doc>File that will contain test cases for automation</doc>
<status status="PASS" starttime="20221206 17:14:07.968" endtime="20221206 17:14:17.343"/>
</suite>
<statistics>
<total>
<stat pass="1" fail="0" skip="0">All Tests</stat>
</total>
<tag>
</tag>
<suite>
<stat pass="1" fail="0" skip="0" id="s1" name="Principal">Principal</stat>
</suite>
</statistics>
<errors>
</errors>
</robot>
