<?xml version="1.0" encoding="UTF-8"?>
<robot generator="Robot 4.1.3 (Python 3.9.5 on win32)" generated="20221206 20:31:06.125" rpa="false" schemaversion="2">
<suite id="s1" name="Principal" source="C:\Users\User\Documents\Pessoais\Estudos\RobotFrameworkProject\principal.robot">
<kw name="Open Browser" library="SeleniumLibrary" type="SETUP">
<arg>https://www.saucedemo.com/</arg>
<arg>Chrome</arg>
<doc>Opens a new browser instance to the optional ``url``.</doc>
<msg timestamp="20221206 20:31:06.513" level="INFO">Opening browser 'Chrome' to base url 'https://www.saucedemo.com/'.</msg>
<status status="PASS" starttime="20221206 20:31:06.512" endtime="20221206 20:31:09.556"/>
</kw>
<test id="s1-t1" name="TC01_Invalid Login_Empty username">
<kw name="Input Password" library="SeleniumLibrary">
<arg>//*[@id="password"]</arg>
<arg>${validPassword}</arg>
<doc>Types the given password into the text field identified by ``locator``.</doc>
<msg timestamp="20221206 20:31:09.559" level="INFO">Typing password into text field '//*[@id="password"]'.</msg>
<msg timestamp="20221206 20:31:09.624" level="INFO">Temporally setting log level to: NONE</msg>
<msg timestamp="20221206 20:31:09.714" level="INFO">Log level changed from NONE to INFO.</msg>
<status status="PASS" starttime="20221206 20:31:09.558" endtime="20221206 20:31:09.714"/>
</kw>
<kw name="Verify that error message is not available" library="commonResource">
<arg>Username is required</arg>
<kw name="Page Should Not Contain" library="SeleniumLibrary">
<arg>${message}</arg>
<doc>Verifies the current page does not contain ``text``.</doc>
<msg timestamp="20221206 20:31:09.752" level="INFO">Current page does not contain text 'Username is required'.</msg>
<status status="PASS" starttime="20221206 20:31:09.715" endtime="20221206 20:31:09.752"/>
</kw>
<status status="PASS" starttime="20221206 20:31:09.714" endtime="20221206 20:31:09.753"/>
</kw>
<kw name="Press Login Button" library="commonResource">
<kw name="Click Element" library="SeleniumLibrary">
<arg>//*[@id="login-button"]</arg>
<doc>Click the element identified by ``locator``.</doc>
<msg timestamp="20221206 20:31:09.754" level="INFO">Clicking element '//*[@id="login-button"]'.</msg>
<status status="PASS" starttime="20221206 20:31:09.754" endtime="20221206 20:31:09.846"/>
</kw>
<status status="PASS" starttime="20221206 20:31:09.753" endtime="20221206 20:31:09.846"/>
</kw>
<kw name="Verify that error message is available" library="commonResource">
<arg>Username is required</arg>
<kw name="Element Should Be Visible" library="SeleniumLibrary">
<arg>//*[@id="login_button_container"]/div/form/div[3]</arg>
<doc>Verifies that the element identified by ``locator`` is visible.</doc>
<msg timestamp="20221206 20:31:09.885" level="INFO">Element '//*[@id="login_button_container"]/div/form/div[3]' is displayed.</msg>
<status status="PASS" starttime="20221206 20:31:09.848" endtime="20221206 20:31:09.886"/>
</kw>
<kw name="Element Should Contain" library="SeleniumLibrary">
<arg>//*[@id="login_button_container"]/div/form/div[3]</arg>
<arg>${messsage}</arg>
<doc>Verifies that element ``locator`` contains text ``expected``.</doc>
<msg timestamp="20221206 20:31:09.920" level="INFO">Element '//*[@id="login_button_container"]/div/form/div[3]' contains text 'Username is required'.</msg>
<status status="PASS" starttime="20221206 20:31:09.886" endtime="20221206 20:31:09.920"/>
</kw>
<status status="PASS" starttime="20221206 20:31:09.847" endtime="20221206 20:31:09.920"/>
</kw>
<kw name="Sleep" library="BuiltIn">
<arg>3</arg>
<doc>Pauses the test executed for the given time.</doc>
<msg timestamp="20221206 20:31:12.927" level="INFO">Slept 3 seconds</msg>
<status status="PASS" starttime="20221206 20:31:09.920" endtime="20221206 20:31:12.927"/>
</kw>
<status status="PASS" starttime="20221206 20:31:09.556" endtime="20221206 20:31:12.928"/>
</test>
<test id="s1-t2" name="TC02_Invalid Login_Empty password">
<kw name="Go To" library="SeleniumLibrary">
<arg>${initialUrl}</arg>
<doc>Navigates the current browser window to the provided ``url``.</doc>
<msg timestamp="20221206 20:31:12.933" level="INFO">Opening url 'https://www.saucedemo.com/'</msg>
<status status="PASS" starttime="20221206 20:31:12.932" endtime="20221206 20:31:13.059"/>
</kw>
<kw name="Input username" library="commonResource">
<arg>${validUser}</arg>
<kw name="Input Text" library="SeleniumLibrary">
<arg>//*[@id="user-name"]</arg>
<arg>${username}</arg>
<doc>Types the given ``text`` into the text field identified by ``locator``.</doc>
<msg timestamp="20221206 20:31:13.064" level="INFO">Typing text 'standard_user' into text field '//*[@id="user-name"]'.</msg>
<status status="PASS" starttime="20221206 20:31:13.062" endtime="20221206 20:31:13.229"/>
</kw>
<status status="PASS" starttime="20221206 20:31:13.061" endtime="20221206 20:31:13.229"/>
</kw>
<kw name="Verify that error message is not available" library="commonResource">
<arg>Password is required</arg>
<kw name="Page Should Not Contain" library="SeleniumLibrary">
<arg>${message}</arg>
<doc>Verifies the current page does not contain ``text``.</doc>
<msg timestamp="20221206 20:31:13.258" level="INFO">Current page does not contain text 'Password is required'.</msg>
<status status="PASS" starttime="20221206 20:31:13.230" endtime="20221206 20:31:13.258"/>
</kw>
<status status="PASS" starttime="20221206 20:31:13.229" endtime="20221206 20:31:13.258"/>
</kw>
<kw name="Press Login Button" library="commonResource">
<kw name="Click Element" library="SeleniumLibrary">
<arg>//*[@id="login-button"]</arg>
<doc>Click the element identified by ``locator``.</doc>
<msg timestamp="20221206 20:31:13.262" level="INFO">Clicking element '//*[@id="login-button"]'.</msg>
<status status="PASS" starttime="20221206 20:31:13.261" endtime="20221206 20:31:13.333"/>
</kw>
<status status="PASS" starttime="20221206 20:31:13.259" endtime="20221206 20:31:13.333"/>
</kw>
<kw name="Verify that error message is available" library="commonResource">
<arg>Password is required</arg>
<kw name="Element Should Be Visible" library="SeleniumLibrary">
<arg>//*[@id="login_button_container"]/div/form/div[3]</arg>
<doc>Verifies that the element identified by ``locator`` is visible.</doc>
<msg timestamp="20221206 20:31:13.364" level="INFO">Element '//*[@id="login_button_container"]/div/form/div[3]' is displayed.</msg>
<status status="PASS" starttime="20221206 20:31:13.335" endtime="20221206 20:31:13.365"/>
</kw>
<kw name="Element Should Contain" library="SeleniumLibrary">
<arg>//*[@id="login_button_container"]/div/form/div[3]</arg>
<arg>${messsage}</arg>
<doc>Verifies that element ``locator`` contains text ``expected``.</doc>
<msg timestamp="20221206 20:31:13.395" level="INFO">Element '//*[@id="login_button_container"]/div/form/div[3]' contains text 'Password is required'.</msg>
<status status="PASS" starttime="20221206 20:31:13.365" endtime="20221206 20:31:13.395"/>
</kw>
<status status="PASS" starttime="20221206 20:31:13.334" endtime="20221206 20:31:13.395"/>
</kw>
<kw name="Sleep" library="BuiltIn">
<arg>3</arg>
<doc>Pauses the test executed for the given time.</doc>
<msg timestamp="20221206 20:31:16.410" level="INFO">Slept 3 seconds</msg>
<status status="PASS" starttime="20221206 20:31:13.396" endtime="20221206 20:31:16.410"/>
</kw>
<status status="PASS" starttime="20221206 20:31:12.931" endtime="20221206 20:31:16.411"/>
</test>
<test id="s1-t3" name="TC03_Invalid Login_Wrong password">
<kw name="Go To" library="SeleniumLibrary">
<arg>${initialUrl}</arg>
<doc>Navigates the current browser window to the provided ``url``.</doc>
<msg timestamp="20221206 20:31:16.415" level="INFO">Opening url 'https://www.saucedemo.com/'</msg>
<status status="PASS" starttime="20221206 20:31:16.415" endtime="20221206 20:31:16.498"/>
</kw>
<kw name="Input username" library="commonResource">
<arg>${validUser}</arg>
<kw name="Input Text" library="SeleniumLibrary">
<arg>//*[@id="user-name"]</arg>
<arg>${username}</arg>
<doc>Types the given ``text`` into the text field identified by ``locator``.</doc>
<msg timestamp="20221206 20:31:16.501" level="INFO">Typing text 'standard_user' into text field '//*[@id="user-name"]'.</msg>
<status status="PASS" starttime="20221206 20:31:16.500" endtime="20221206 20:31:16.658"/>
</kw>
<status status="PASS" starttime="20221206 20:31:16.499" endtime="20221206 20:31:16.658"/>
</kw>
<kw name="Input Password" library="SeleniumLibrary">
<arg>//*[@id="password"]</arg>
<arg>${invalidPassword}</arg>
<doc>Types the given password into the text field identified by ``locator``.</doc>
<msg timestamp="20221206 20:31:16.659" level="INFO">Typing password into text field '//*[@id="password"]'.</msg>
<msg timestamp="20221206 20:31:16.714" level="INFO">Temporally setting log level to: NONE</msg>
<msg timestamp="20221206 20:31:16.784" level="INFO">Log level changed from NONE to INFO.</msg>
<status status="PASS" starttime="20221206 20:31:16.658" endtime="20221206 20:31:16.784"/>
</kw>
<kw name="Verify that error message is not available" library="commonResource">
<arg>Username and password do not match any user in this service</arg>
<kw name="Page Should Not Contain" library="SeleniumLibrary">
<arg>${message}</arg>
<doc>Verifies the current page does not contain ``text``.</doc>
<msg timestamp="20221206 20:31:16.815" level="INFO">Current page does not contain text 'Username and password do not match any user in this service'.</msg>
<status status="PASS" starttime="20221206 20:31:16.786" endtime="20221206 20:31:16.815"/>
</kw>
<status status="PASS" starttime="20221206 20:31:16.785" endtime="20221206 20:31:16.815"/>
</kw>
<kw name="Press Login Button" library="commonResource">
<kw name="Click Element" library="SeleniumLibrary">
<arg>//*[@id="login-button"]</arg>
<doc>Click the element identified by ``locator``.</doc>
<msg timestamp="20221206 20:31:16.816" level="INFO">Clicking element '//*[@id="login-button"]'.</msg>
<status status="PASS" starttime="20221206 20:31:16.816" endtime="20221206 20:31:16.879"/>
</kw>
<status status="PASS" starttime="20221206 20:31:16.815" endtime="20221206 20:31:16.880"/>
</kw>
<kw name="Verify that error message is available" library="commonResource">
<arg>Username and password do not match any user in this service</arg>
<kw name="Element Should Be Visible" library="SeleniumLibrary">
<arg>//*[@id="login_button_container"]/div/form/div[3]</arg>
<doc>Verifies that the element identified by ``locator`` is visible.</doc>
<msg timestamp="20221206 20:31:16.906" level="INFO">Element '//*[@id="login_button_container"]/div/form/div[3]' is displayed.</msg>
<status status="PASS" starttime="20221206 20:31:16.881" endtime="20221206 20:31:16.906"/>
</kw>
<kw name="Element Should Contain" library="SeleniumLibrary">
<arg>//*[@id="login_button_container"]/div/form/div[3]</arg>
<arg>${messsage}</arg>
<doc>Verifies that element ``locator`` contains text ``expected``.</doc>
<msg timestamp="20221206 20:31:16.940" level="INFO">Element '//*[@id="login_button_container"]/div/form/div[3]' contains text 'Username and password do not match any user in this service'.</msg>
<status status="PASS" starttime="20221206 20:31:16.906" endtime="20221206 20:31:16.941"/>
</kw>
<status status="PASS" starttime="20221206 20:31:16.880" endtime="20221206 20:31:16.941"/>
</kw>
<kw name="Sleep" library="BuiltIn">
<arg>3</arg>
<doc>Pauses the test executed for the given time.</doc>
<msg timestamp="20221206 20:31:19.956" level="INFO">Slept 3 seconds</msg>
<status status="PASS" starttime="20221206 20:31:16.942" endtime="20221206 20:31:19.957"/>
</kw>
<status status="PASS" starttime="20221206 20:31:16.414" endtime="20221206 20:31:19.961"/>
</test>
<kw name="Close Browser" library="SeleniumLibrary" type="TEARDOWN">
<doc>Closes the current browser.</doc>
<status status="PASS" starttime="20221206 20:31:19.975" endtime="20221206 20:31:22.286"/>
</kw>
<doc>File that will contain test cases for automation</doc>
<status status="PASS" starttime="20221206 20:31:06.127" endtime="20221206 20:31:22.286"/>
</suite>
<statistics>
<total>
<stat pass="3" fail="0" skip="0">All Tests</stat>
</total>
<tag>
</tag>
<suite>
<stat pass="3" fail="0" skip="0" id="s1" name="Principal">Principal</stat>
</suite>
</statistics>
<errors>
</errors>
</robot>
