<?xml version="1.0" encoding="UTF-8"?>
<robot generator="Robot 4.1.3 (Python 3.9.5 on win32)" generated="20221206 20:18:02.836" rpa="false" schemaversion="2">
<suite id="s1" name="Principal" source="C:\Users\User\Documents\Pessoais\Estudos\RobotFrameworkProject\principal.robot">
<kw name="Open Browser" library="SeleniumLibrary" type="SETUP">
<arg>https://www.saucedemo.com/</arg>
<arg>Chrome</arg>
<doc>Opens a new browser instance to the optional ``url``.</doc>
<msg timestamp="20221206 20:18:03.326" level="INFO">Opening browser 'Chrome' to base url 'https://www.saucedemo.com/'.</msg>
<status status="PASS" starttime="20221206 20:18:03.325" endtime="20221206 20:18:06.397"/>
</kw>
<test id="s1-t1" name="TC01_Invalid Login_Empty username">
<kw name="Input Password" library="SeleniumLibrary">
<arg>//*[@id="password"]</arg>
<arg>${validPassword}</arg>
<doc>Types the given password into the text field identified by ``locator``.</doc>
<msg timestamp="20221206 20:18:06.401" level="INFO">Typing password into text field '//*[@id="password"]'.</msg>
<msg timestamp="20221206 20:18:06.465" level="INFO">Temporally setting log level to: NONE</msg>
<msg timestamp="20221206 20:18:06.551" level="INFO">Log level changed from NONE to INFO.</msg>
<status status="PASS" starttime="20221206 20:18:06.400" endtime="20221206 20:18:06.552"/>
</kw>
<kw name="Verify that error message is not available" library="commonResource">
<arg>Username is required</arg>
<kw name="Page Should Not Contain" library="SeleniumLibrary">
<arg>${message}</arg>
<doc>Verifies the current page does not contain ``text``.</doc>
<msg timestamp="20221206 20:18:06.588" level="INFO">Current page does not contain text 'Username is required'.</msg>
<status status="PASS" starttime="20221206 20:18:06.553" endtime="20221206 20:18:06.588"/>
</kw>
<status status="PASS" starttime="20221206 20:18:06.552" endtime="20221206 20:18:06.588"/>
</kw>
<kw name="Press Login Button" library="commonResource">
<kw name="Click Element" library="SeleniumLibrary">
<arg>//*[@id="login-button"]</arg>
<doc>Click the element identified by ``locator``.</doc>
<msg timestamp="20221206 20:18:06.590" level="INFO">Clicking element '//*[@id="login-button"]'.</msg>
<status status="PASS" starttime="20221206 20:18:06.589" endtime="20221206 20:18:06.684"/>
</kw>
<status status="PASS" starttime="20221206 20:18:06.589" endtime="20221206 20:18:06.684"/>
</kw>
<kw name="Verify that error message is available" library="commonResource">
<arg>Username is required</arg>
<kw name="Element Should Be Visible" library="SeleniumLibrary">
<arg>//*[@id="login_button_container"]/div/form/div[3]</arg>
<doc>Verifies that the element identified by ``locator`` is visible.</doc>
<msg timestamp="20221206 20:18:06.725" level="INFO">Element '//*[@id="login_button_container"]/div/form/div[3]' is displayed.</msg>
<status status="PASS" starttime="20221206 20:18:06.685" endtime="20221206 20:18:06.725"/>
</kw>
<kw name="Element Should Contain" library="SeleniumLibrary">
<arg>//*[@id="login_button_container"]/div/form/div[3]</arg>
<arg>${messsage}</arg>
<doc>Verifies that element ``locator`` contains text ``expected``.</doc>
<msg timestamp="20221206 20:18:06.760" level="INFO">Element '//*[@id="login_button_container"]/div/form/div[3]' contains text 'Username is required'.</msg>
<status status="PASS" starttime="20221206 20:18:06.725" endtime="20221206 20:18:06.760"/>
</kw>
<status status="PASS" starttime="20221206 20:18:06.685" endtime="20221206 20:18:06.761"/>
</kw>
<kw name="Sleep" library="BuiltIn">
<arg>3</arg>
<doc>Pauses the test executed for the given time.</doc>
<msg timestamp="20221206 20:18:09.770" level="INFO">Slept 3 seconds</msg>
<status status="PASS" starttime="20221206 20:18:06.761" endtime="20221206 20:18:09.770"/>
</kw>
<status status="PASS" starttime="20221206 20:18:06.398" endtime="20221206 20:18:09.771"/>
</test>
<test id="s1-t2" name="TC02_Invalid Login_Empty password">
<kw name="Go To" library="SeleniumLibrary">
<arg>${initialUrl}</arg>
<doc>Navigates the current browser window to the provided ``url``.</doc>
<msg timestamp="20221206 20:18:09.775" level="INFO">Opening url 'https://www.saucedemo.com/'</msg>
<status status="PASS" starttime="20221206 20:18:09.775" endtime="20221206 20:18:09.907"/>
</kw>
<kw name="Input username" library="commonResource">
<arg>${validUser}</arg>
<kw name="Input Text" library="SeleniumLibrary">
<arg>//*[@id="user-name"]</arg>
<arg>${username}</arg>
<doc>Types the given ``text`` into the text field identified by ``locator``.</doc>
<msg timestamp="20221206 20:18:09.909" level="INFO">Typing text 'standard_user' into text field '//*[@id="user-name"]'.</msg>
<status status="PASS" starttime="20221206 20:18:09.909" endtime="20221206 20:18:10.138"/>
</kw>
<status status="PASS" starttime="20221206 20:18:09.908" endtime="20221206 20:18:10.138"/>
</kw>
<kw name="Verify that error message is not available" library="commonResource">
<arg>Password is required</arg>
<kw name="Page Should Not Contain" library="SeleniumLibrary">
<arg>${message}</arg>
<doc>Verifies the current page does not contain ``text``.</doc>
<msg timestamp="20221206 20:18:10.176" level="INFO">Current page does not contain text 'Password is required'.</msg>
<status status="PASS" starttime="20221206 20:18:10.140" endtime="20221206 20:18:10.176"/>
</kw>
<status status="PASS" starttime="20221206 20:18:10.139" endtime="20221206 20:18:10.177"/>
</kw>
<kw name="Press Login Button" library="commonResource">
<kw name="Click Element" library="SeleniumLibrary">
<arg>//*[@id="login-button"]</arg>
<doc>Click the element identified by ``locator``.</doc>
<msg timestamp="20221206 20:18:10.179" level="INFO">Clicking element '//*[@id="login-button"]'.</msg>
<status status="PASS" starttime="20221206 20:18:10.178" endtime="20221206 20:18:10.255"/>
</kw>
<status status="PASS" starttime="20221206 20:18:10.178" endtime="20221206 20:18:10.255"/>
</kw>
<kw name="Verify that error message is available" library="commonResource">
<arg>Password is required</arg>
<kw name="Element Should Be Visible" library="SeleniumLibrary">
<arg>//*[@id="login_button_container"]/div/form/div[3]</arg>
<doc>Verifies that the element identified by ``locator`` is visible.</doc>
<msg timestamp="20221206 20:18:10.289" level="INFO">Element '//*[@id="login_button_container"]/div/form/div[3]' is displayed.</msg>
<status status="PASS" starttime="20221206 20:18:10.258" endtime="20221206 20:18:10.289"/>
</kw>
<kw name="Element Should Contain" library="SeleniumLibrary">
<arg>//*[@id="login_button_container"]/div/form/div[3]</arg>
<arg>${messsage}</arg>
<doc>Verifies that element ``locator`` contains text ``expected``.</doc>
<msg timestamp="20221206 20:18:10.316" level="INFO">Element '//*[@id="login_button_container"]/div/form/div[3]' contains text 'Password is required'.</msg>
<status status="PASS" starttime="20221206 20:18:10.289" endtime="20221206 20:18:10.316"/>
</kw>
<status status="PASS" starttime="20221206 20:18:10.257" endtime="20221206 20:18:10.317"/>
</kw>
<kw name="Sleep" library="BuiltIn">
<arg>3</arg>
<doc>Pauses the test executed for the given time.</doc>
<msg timestamp="20221206 20:18:13.329" level="INFO">Slept 3 seconds</msg>
<status status="PASS" starttime="20221206 20:18:10.317" endtime="20221206 20:18:13.329"/>
</kw>
<status status="PASS" starttime="20221206 20:18:09.774" endtime="20221206 20:18:13.330"/>
</test>
<kw name="Close Browser" library="SeleniumLibrary" type="TEARDOWN">
<doc>Closes the current browser.</doc>
<status status="PASS" starttime="20221206 20:18:13.333" endtime="20221206 20:18:16.190"/>
</kw>
<doc>File that will contain test cases for automation</doc>
<status status="PASS" starttime="20221206 20:18:02.838" endtime="20221206 20:18:16.191"/>
</suite>
<statistics>
<total>
<stat pass="2" fail="0" skip="0">All Tests</stat>
</total>
<tag>
</tag>
<suite>
<stat pass="2" fail="0" skip="0" id="s1" name="Principal">Principal</stat>
</suite>
</statistics>
<errors>
</errors>
</robot>
